fatal: not a git repository (or any of the parent directories): .git
fatal: not a git repository (or any of the parent directories): .git
fatal: not a git repository (or any of the parent directories): .git
fatal: not a git repository (or any of the parent directories): .git
fatal: not a git repository (or any of the parent directories): .git
fatal: not a git repository (or any of the parent directories): .git
fatal: not a git repository (or any of the parent directories): .git
fatal: not a git repository (or any of the parent directories): .git
fatal: not a git repository (or any of the parent directories): .git
[main 0553855] 2025-04-12
 2 files changed, 15 insertions(+), 3 deletions(-)
 create mode 100644 cron.log
To https://github.com/haru1813/haru1813.git
   4ab1bbd..0553855  main -> main
[main 30f77fd] 2025-04-12
 1 file changed, 5 insertions(+)
To https://github.com/haru1813/haru1813.git
   0553855..30f77fd  main -> main
[main c047473] 2025-04-13
 1 file changed, 4 insertions(+)
To https://github.com/haru1813/haru1813.git
   30f77fd..c047473  main -> main
